<?xml version="1.0" encoding="UTF-8"?>
<robot generator="Robot 7.0 (Python 3.12.1 on win32)" generated="2024-02-02T15:16:45.393196" rpa="false" schemaversion="5">
<suite id="s1" name="Registro" source="D:\Users\maril\OneDrive\Área de Trabalho\QA\Projetos Robot\teste-funcional-robot\suites\registro\registro.robot">
<test id="s1-t1" name="TC01 - Cadastro com sucesso" line="6">
<kw name="Dado que o usuario esta na tela inicial do site" owner="registro_page">
<kw name="Open Browser" owner="SeleniumLibrary">
<msg time="2024-02-02T15:16:46.095888" level="INFO">Opening browser 'chrome' to base url 'https://seubarriga.wcaquino.me/login'.</msg>
<arg>${geral.URL}</arg>
<arg>${geral.Browser}</arg>
<arg>options=${geral.Headless}</arg>
<doc>Opens a new browser instance to the optional ``url``.</doc>
<status status="PASS" start="2024-02-02T15:16:46.095888" elapsed="2.504698"/>
</kw>
<kw name="Maximize Browser Window" owner="SeleniumLibrary">
<doc>Maximizes current browser window.</doc>
<status status="PASS" start="2024-02-02T15:16:48.600586" elapsed="0.114953"/>
</kw>
<status status="PASS" start="2024-02-02T15:16:46.094276" elapsed="2.621263"/>
</kw>
<kw name="E clica no link &quot;Novo Usuário?&quot;" owner="registro_page">
<kw name="Click Link" owner="SeleniumLibrary">
<msg time="2024-02-02T15:16:48.724644" level="INFO">Clicking link '//a[@href="/cadastro"]'.</msg>
<arg>${registro.Link_Registro}</arg>
<doc>Clicks a link identified by ``locator``.</doc>
<status status="PASS" start="2024-02-02T15:16:48.720652" elapsed="0.290898"/>
</kw>
<status status="PASS" start="2024-02-02T15:16:48.718624" elapsed="0.292926"/>
</kw>
<kw name="Quando preenche o campo nome" owner="registro_page">
<kw name="First Name" owner="FakerLibrary">
<msg time="2024-02-02T15:16:49.012054" level="INFO">${nome} = João</msg>
<var>${nome}</var>
<status status="PASS" start="2024-02-02T15:16:49.012054" elapsed="0.000000"/>
</kw>
<kw name="Input Text" owner="SeleniumLibrary">
<msg time="2024-02-02T15:16:49.013143" level="INFO">Typing text 'João' into text field '//input[@id="nome"]'.</msg>
<arg>${registro.Input_Nome}</arg>
<arg>${nome}</arg>
<doc>Types the given ``text`` into the text field identified by ``locator``.</doc>
<status status="PASS" start="2024-02-02T15:16:49.012054" elapsed="0.082977"/>
</kw>
<status status="PASS" start="2024-02-02T15:16:49.012054" elapsed="0.082977"/>
</kw>
<kw name="E preenche o campo email" owner="registro_page">
<kw name="Free Email" owner="FakerLibrary">
<msg time="2024-02-02T15:16:49.096039" level="INFO">${email} = joanaramos@uol.com.br</msg>
<var>${email}</var>
<status status="PASS" start="2024-02-02T15:16:49.096039" elapsed="0.000000"/>
</kw>
<kw name="Input Text" owner="SeleniumLibrary">
<msg time="2024-02-02T15:16:49.097037" level="INFO">Typing text 'joanaramos@uol.com.br' into text field '//input[@id="email"]'.</msg>
<arg>${registro.Input_Email}</arg>
<arg>${email}</arg>
<doc>Types the given ``text`` into the text field identified by ``locator``.</doc>
<status status="PASS" start="2024-02-02T15:16:49.096039" elapsed="0.085700"/>
</kw>
<status status="PASS" start="2024-02-02T15:16:49.095031" elapsed="0.087722"/>
</kw>
<kw name="E preenche o campo senha" owner="registro_page">
<kw name="Password" owner="FakerLibrary">
<msg time="2024-02-02T15:16:49.183748" level="INFO">${senha} = x6S!rm$i(4</msg>
<var>${senha}</var>
<doc>Generate a random password of the specified ``length``.</doc>
<status status="PASS" start="2024-02-02T15:16:49.182753" elapsed="0.000995"/>
</kw>
<kw name="Input Text" owner="SeleniumLibrary">
<msg time="2024-02-02T15:16:49.183748" level="INFO">Typing text 'x6S!rm$i(4' into text field '//input[@id="senha"]'.</msg>
<arg>${registro.Input_Senha}</arg>
<arg>${senha}</arg>
<doc>Types the given ``text`` into the text field identified by ``locator``.</doc>
<status status="PASS" start="2024-02-02T15:16:49.183748" elapsed="0.131005"/>
</kw>
<status status="PASS" start="2024-02-02T15:16:49.182753" elapsed="0.132000"/>
</kw>
<kw name="E clica no botao cadastrar" owner="registro_page">
<kw name="Wait Until Element Is Visible" owner="SeleniumLibrary">
<arg>${registro.Button_Cadastrar}</arg>
<arg>10</arg>
<doc>Waits until the element ``locator`` is visible.</doc>
<status status="PASS" start="2024-02-02T15:16:49.315761" elapsed="0.026996"/>
</kw>
<kw name="Click Element" owner="SeleniumLibrary">
<msg time="2024-02-02T15:16:49.343770" level="INFO">Clicking element '//input[@value='Cadastrar']'.</msg>
<arg>${registro.Button_Cadastrar}</arg>
<doc>Click the element identified by ``locator``.</doc>
<status status="PASS" start="2024-02-02T15:16:49.342757" elapsed="0.475145"/>
</kw>
<status status="PASS" start="2024-02-02T15:16:49.315761" elapsed="0.502141"/>
</kw>
<kw name="Então o sistema exibe a mensagem Usuário inserido com sucesso" owner="registro_page" source_name="Então o sistema exibe a mensagem ${Text}">
<kw name="Wait Until Element Is Visible" owner="SeleniumLibrary">
<arg>${registro.Alert_Message}</arg>
<arg>10</arg>
<doc>Waits until the element ``locator`` is visible.</doc>
<status status="PASS" start="2024-02-02T15:16:49.817902" elapsed="0.034684"/>
</kw>
<kw name="Get Text" owner="SeleniumLibrary">
<msg time="2024-02-02T15:16:49.882504" level="INFO">${mensagem} = Usuário inserido com sucesso</msg>
<var>${mensagem}</var>
<arg>${registro.Alert_Message}</arg>
<doc>Returns the text value of the element identified by ``locator``.</doc>
<status status="PASS" start="2024-02-02T15:16:49.852586" elapsed="0.029918"/>
</kw>
<kw name="Should Be Equal" owner="BuiltIn">
<arg>${mensagem}</arg>
<arg>${Text}</arg>
<doc>Fails if the given objects are unequal.</doc>
<status status="PASS" start="2024-02-02T15:16:49.882504" elapsed="0.000000"/>
</kw>
<status status="PASS" start="2024-02-02T15:16:49.817902" elapsed="0.064602"/>
</kw>
<kw name="Fechar navegador" owner="setup_teardown" type="TEARDOWN">
<kw name="Close Browser" owner="SeleniumLibrary">
<doc>Closes the current browser.</doc>
<status status="PASS" start="2024-02-02T15:16:49.883607" elapsed="2.073858"/>
</kw>
<status status="PASS" start="2024-02-02T15:16:49.883607" elapsed="2.074400"/>
</kw>
<status status="PASS" start="2024-02-02T15:16:46.093274" elapsed="5.864733"/>
</test>
<test id="s1-t2" name="TC02 - Cadastro com sucesso - ENTER" line="15">
<kw name="Dado que o usuario esta na tela inicial do site" owner="registro_page">
<kw name="Open Browser" owner="SeleniumLibrary">
<msg time="2024-02-02T15:16:51.960662" level="INFO">Opening browser 'chrome' to base url 'https://seubarriga.wcaquino.me/login'.</msg>
<arg>${geral.URL}</arg>
<arg>${geral.Browser}</arg>
<arg>options=${geral.Headless}</arg>
<doc>Opens a new browser instance to the optional ``url``.</doc>
<status status="PASS" start="2024-02-02T15:16:51.960157" elapsed="2.452708"/>
</kw>
<kw name="Maximize Browser Window" owner="SeleniumLibrary">
<doc>Maximizes current browser window.</doc>
<status status="PASS" start="2024-02-02T15:16:54.412865" elapsed="0.128166"/>
</kw>
<status status="PASS" start="2024-02-02T15:16:51.960157" elapsed="2.580874"/>
</kw>
<kw name="E clica no link &quot;Novo Usuário?&quot;" owner="registro_page">
<kw name="Click Link" owner="SeleniumLibrary">
<msg time="2024-02-02T15:16:54.543571" level="INFO">Clicking link '//a[@href="/cadastro"]'.</msg>
<arg>${registro.Link_Registro}</arg>
<doc>Clicks a link identified by ``locator``.</doc>
<status status="PASS" start="2024-02-02T15:16:54.542564" elapsed="0.273293"/>
</kw>
<status status="PASS" start="2024-02-02T15:16:54.542058" elapsed="0.273799"/>
</kw>
<kw name="Quando preenche o campo nome" owner="registro_page">
<kw name="First Name" owner="FakerLibrary">
<msg time="2024-02-02T15:16:54.815857" level="INFO">${nome} = Alexandre</msg>
<var>${nome}</var>
<status status="PASS" start="2024-02-02T15:16:54.815857" elapsed="0.001506"/>
</kw>
<kw name="Input Text" owner="SeleniumLibrary">
<msg time="2024-02-02T15:16:54.817882" level="INFO">Typing text 'Alexandre' into text field '//input[@id="nome"]'.</msg>
<arg>${registro.Input_Nome}</arg>
<arg>${nome}</arg>
<doc>Types the given ``text`` into the text field identified by ``locator``.</doc>
<status status="PASS" start="2024-02-02T15:16:54.817363" elapsed="0.098117"/>
</kw>
<status status="PASS" start="2024-02-02T15:16:54.815857" elapsed="0.099623"/>
</kw>
<kw name="E preenche o campo email" owner="registro_page">
<kw name="Free Email" owner="FakerLibrary">
<msg time="2024-02-02T15:16:54.916564" level="INFO">${email} = rafaelarocha@gmail.com</msg>
<var>${email}</var>
<status status="PASS" start="2024-02-02T15:16:54.916564" elapsed="0.000000"/>
</kw>
<kw name="Input Text" owner="SeleniumLibrary">
<msg time="2024-02-02T15:16:54.917071" level="INFO">Typing text 'rafaelarocha@gmail.com' into text field '//input[@id="email"]'.</msg>
<arg>${registro.Input_Email}</arg>
<arg>${email}</arg>
<doc>Types the given ``text`` into the text field identified by ``locator``.</doc>
<status status="PASS" start="2024-02-02T15:16:54.916564" elapsed="0.105133"/>
</kw>
<status status="PASS" start="2024-02-02T15:16:54.915480" elapsed="0.107234"/>
</kw>
<kw name="E preenche o campo senha" owner="registro_page">
<kw name="Password" owner="FakerLibrary">
<msg time="2024-02-02T15:16:55.022714" level="INFO">${senha} = SN3SonWfD)</msg>
<var>${senha}</var>
<doc>Generate a random password of the specified ``length``.</doc>
<status status="PASS" start="2024-02-02T15:16:55.022714" elapsed="0.001417"/>
</kw>
<kw name="Input Text" owner="SeleniumLibrary">
<msg time="2024-02-02T15:16:55.024131" level="INFO">Typing text 'SN3SonWfD)' into text field '//input[@id="senha"]'.</msg>
<arg>${registro.Input_Senha}</arg>
<arg>${senha}</arg>
<doc>Types the given ``text`` into the text field identified by ``locator``.</doc>
<status status="PASS" start="2024-02-02T15:16:55.024131" elapsed="0.085851"/>
</kw>
<status status="PASS" start="2024-02-02T15:16:55.022714" elapsed="0.087268"/>
</kw>
<kw name="E pressiona ENTER no teclado" owner="registro_page">
<kw name="Press Keys" owner="SeleniumLibrary">
<msg time="2024-02-02T15:16:55.110982" level="INFO">Sending key(s) ('ENTER',) to //input[@value='Cadastrar'] element.</msg>
<msg time="2024-02-02T15:16:55.802933" level="INFO">Pressing special key ENTER to element.</msg>
<msg time="2024-02-02T15:16:55.804337" level="INFO">Releasing special key ENTER.</msg>
<arg>${registro.Button_Cadastrar}</arg>
<arg>ENTER</arg>
<doc>Simulates the user pressing key(s) to an element or on the active browser.</doc>
<status status="PASS" start="2024-02-02T15:16:55.110982" elapsed="0.699021"/>
</kw>
<status status="PASS" start="2024-02-02T15:16:55.110982" elapsed="0.699021"/>
</kw>
<kw name="Então o sistema exibe a mensagem Usuário inserido com sucesso" owner="registro_page" source_name="Então o sistema exibe a mensagem ${Text}">
<kw name="Wait Until Element Is Visible" owner="SeleniumLibrary">
<arg>${registro.Alert_Message}</arg>
<arg>10</arg>
<doc>Waits until the element ``locator`` is visible.</doc>
<status status="PASS" start="2024-02-02T15:16:55.811011" elapsed="0.026842"/>
</kw>
<kw name="Get Text" owner="SeleniumLibrary">
<msg time="2024-02-02T15:16:55.860249" level="INFO">${mensagem} = Usuário inserido com sucesso</msg>
<var>${mensagem}</var>
<arg>${registro.Alert_Message}</arg>
<doc>Returns the text value of the element identified by ``locator``.</doc>
<status status="PASS" start="2024-02-02T15:16:55.838913" elapsed="0.021336"/>
</kw>
<kw name="Should Be Equal" owner="BuiltIn">
<arg>${mensagem}</arg>
<arg>${Text}</arg>
<doc>Fails if the given objects are unequal.</doc>
<status status="PASS" start="2024-02-02T15:16:55.861529" elapsed="0.000000"/>
</kw>
<status status="PASS" start="2024-02-02T15:16:55.810003" elapsed="0.051526"/>
</kw>
<kw name="Fechar navegador" owner="setup_teardown" type="TEARDOWN">
<kw name="Close Browser" owner="SeleniumLibrary">
<doc>Closes the current browser.</doc>
<status status="PASS" start="2024-02-02T15:16:55.861529" elapsed="2.059144"/>
</kw>
<status status="PASS" start="2024-02-02T15:16:55.861529" elapsed="2.059144"/>
</kw>
<status status="PASS" start="2024-02-02T15:16:51.958988" elapsed="5.962716"/>
</test>
<test id="s1-t3" name="TC03 - Cadastro com usuário existente" line="24">
<kw name="Dado que o usuario esta na tela inicial do site" owner="registro_page">
<kw name="Open Browser" owner="SeleniumLibrary">
<msg time="2024-02-02T15:16:57.933029" level="INFO">Opening browser 'chrome' to base url 'https://seubarriga.wcaquino.me/login'.</msg>
<arg>${geral.URL}</arg>
<arg>${geral.Browser}</arg>
<arg>options=${geral.Headless}</arg>
<doc>Opens a new browser instance to the optional ``url``.</doc>
<status status="PASS" start="2024-02-02T15:16:57.929010" elapsed="2.256828"/>
</kw>
<kw name="Maximize Browser Window" owner="SeleniumLibrary">
<doc>Maximizes current browser window.</doc>
<status status="PASS" start="2024-02-02T15:17:00.185838" elapsed="0.105213"/>
</kw>
<status status="PASS" start="2024-02-02T15:16:57.927986" elapsed="2.363065"/>
</kw>
<kw name="E clica no link &quot;Novo Usuário?&quot;" owner="registro_page">
<kw name="Click Link" owner="SeleniumLibrary">
<msg time="2024-02-02T15:17:00.293066" level="INFO">Clicking link '//a[@href="/cadastro"]'.</msg>
<arg>${registro.Link_Registro}</arg>
<doc>Clicks a link identified by ``locator``.</doc>
<status status="PASS" start="2024-02-02T15:17:00.292061" elapsed="0.266141"/>
</kw>
<status status="PASS" start="2024-02-02T15:17:00.292061" elapsed="0.267142"/>
</kw>
<kw name="Quando preenche o campo nome" owner="registro_page">
<kw name="First Name" owner="FakerLibrary">
<msg time="2024-02-02T15:17:00.560213" level="INFO">${nome} = Clara</msg>
<var>${nome}</var>
<status status="PASS" start="2024-02-02T15:17:00.560213" elapsed="0.000000"/>
</kw>
<kw name="Input Text" owner="SeleniumLibrary">
<msg time="2024-02-02T15:17:00.560213" level="INFO">Typing text 'Clara' into text field '//input[@id="nome"]'.</msg>
<arg>${registro.Input_Nome}</arg>
<arg>${nome}</arg>
<doc>Types the given ``text`` into the text field identified by ``locator``.</doc>
<status status="PASS" start="2024-02-02T15:17:00.560213" elapsed="0.077652"/>
</kw>
<status status="PASS" start="2024-02-02T15:17:00.559203" elapsed="0.078662"/>
</kw>
<kw name="E preenche o campo email com email ja cadastrado" owner="registro_page">
<kw name="Input Text" owner="SeleniumLibrary">
<msg time="2024-02-02T15:17:00.639262" level="INFO">Typing text 'kylianmb@teste.com' into text field '//input[@id="email"]'.</msg>
<arg>${registro.Input_Email}</arg>
<arg>${dados_login.Email}</arg>
<doc>Types the given ``text`` into the text field identified by ``locator``.</doc>
<status status="PASS" start="2024-02-02T15:17:00.637865" elapsed="0.077566"/>
</kw>
<status status="PASS" start="2024-02-02T15:17:00.637865" elapsed="0.077566"/>
</kw>
<kw name="E preenche o campo senha" owner="registro_page">
<kw name="Password" owner="FakerLibrary">
<msg time="2024-02-02T15:17:00.716439" level="INFO">${senha} = *m3hOHp0uo</msg>
<var>${senha}</var>
<doc>Generate a random password of the specified ``length``.</doc>
<status status="PASS" start="2024-02-02T15:17:00.716439" elapsed="0.000000"/>
</kw>
<kw name="Input Text" owner="SeleniumLibrary">
<msg time="2024-02-02T15:17:00.717480" level="INFO">Typing text '*m3hOHp0uo' into text field '//input[@id="senha"]'.</msg>
<arg>${registro.Input_Senha}</arg>
<arg>${senha}</arg>
<doc>Types the given ``text`` into the text field identified by ``locator``.</doc>
<status status="PASS" start="2024-02-02T15:17:00.716976" elapsed="0.094480"/>
</kw>
<status status="PASS" start="2024-02-02T15:17:00.716439" elapsed="0.095522"/>
</kw>
<kw name="E pressiona ENTER no teclado" owner="registro_page">
<kw name="Press Keys" owner="SeleniumLibrary">
<msg time="2024-02-02T15:17:00.813203" level="INFO">Sending key(s) ('ENTER',) to //input[@value='Cadastrar'] element.</msg>
<msg time="2024-02-02T15:17:01.561868" level="INFO">Pressing special key ENTER to element.</msg>
<msg time="2024-02-02T15:17:01.561868" level="INFO">Releasing special key ENTER.</msg>
<arg>${registro.Button_Cadastrar}</arg>
<arg>ENTER</arg>
<doc>Simulates the user pressing key(s) to an element or on the active browser.</doc>
<status status="PASS" start="2024-02-02T15:17:00.811961" elapsed="0.756811"/>
</kw>
<status status="PASS" start="2024-02-02T15:17:00.811961" elapsed="0.756811"/>
</kw>
<kw name="Então o sistema exibe a mensagem Endereço de email já utilizado" owner="registro_page" source_name="Então o sistema exibe a mensagem ${Text}">
<kw name="Wait Until Element Is Visible" owner="SeleniumLibrary">
<arg>${registro.Alert_Message}</arg>
<arg>10</arg>
<doc>Waits until the element ``locator`` is visible.</doc>
<status status="PASS" start="2024-02-02T15:17:01.568772" elapsed="0.023491"/>
</kw>
<kw name="Get Text" owner="SeleniumLibrary">
<msg time="2024-02-02T15:17:01.612952" level="INFO">${mensagem} = Endereço de email já utilizado</msg>
<var>${mensagem}</var>
<arg>${registro.Alert_Message}</arg>
<doc>Returns the text value of the element identified by ``locator``.</doc>
<status status="PASS" start="2024-02-02T15:17:01.592263" elapsed="0.020689"/>
</kw>
<kw name="Should Be Equal" owner="BuiltIn">
<arg>${mensagem}</arg>
<arg>${Text}</arg>
<doc>Fails if the given objects are unequal.</doc>
<status status="PASS" start="2024-02-02T15:17:01.612952" elapsed="0.000000"/>
</kw>
<status status="PASS" start="2024-02-02T15:17:01.568772" elapsed="0.044180"/>
</kw>
<kw name="Fechar navegador" owner="setup_teardown" type="TEARDOWN">
<kw name="Close Browser" owner="SeleniumLibrary">
<doc>Closes the current browser.</doc>
<status status="PASS" start="2024-02-02T15:17:01.613997" elapsed="2.043430"/>
</kw>
<status status="PASS" start="2024-02-02T15:17:01.613997" elapsed="2.043982"/>
</kw>
<status status="PASS" start="2024-02-02T15:16:57.925866" elapsed="5.732113"/>
</test>
<test id="s1-t4" name="TC04 - Cadastro com nome em branco" line="33">
<kw name="Dado que o usuario esta na tela inicial do site" owner="registro_page">
<kw name="Open Browser" owner="SeleniumLibrary">
<msg time="2024-02-02T15:17:03.662069" level="INFO">Opening browser 'chrome' to base url 'https://seubarriga.wcaquino.me/login'.</msg>
<arg>${geral.URL}</arg>
<arg>${geral.Browser}</arg>
<arg>options=${geral.Headless}</arg>
<doc>Opens a new browser instance to the optional ``url``.</doc>
<status status="PASS" start="2024-02-02T15:17:03.661060" elapsed="2.280024"/>
</kw>
<kw name="Maximize Browser Window" owner="SeleniumLibrary">
<doc>Maximizes current browser window.</doc>
<status status="PASS" start="2024-02-02T15:17:05.941084" elapsed="0.110762"/>
</kw>
<status status="PASS" start="2024-02-02T15:17:03.661060" elapsed="2.390786"/>
</kw>
<kw name="E clica no link &quot;Novo Usuário?&quot;" owner="registro_page">
<kw name="Click Link" owner="SeleniumLibrary">
<msg time="2024-02-02T15:17:06.053883" level="INFO">Clicking link '//a[@href="/cadastro"]'.</msg>
<arg>${registro.Link_Registro}</arg>
<doc>Clicks a link identified by ``locator``.</doc>
<status status="PASS" start="2024-02-02T15:17:06.052857" elapsed="0.279433"/>
</kw>
<status status="PASS" start="2024-02-02T15:17:06.052857" elapsed="0.279433"/>
</kw>
<kw name="Quando preenche nao preenche o campo nome" owner="registro_page">
<kw name="Clear Element Text" owner="SeleniumLibrary">
<arg>${registro.Input_Nome}</arg>
<doc>Clears the value of the text-input-element identified by ``locator``.</doc>
<status status="PASS" start="2024-02-02T15:17:06.333286" elapsed="0.037854"/>
</kw>
<status status="PASS" start="2024-02-02T15:17:06.333286" elapsed="0.037854"/>
</kw>
<kw name="E preenche o campo email" owner="registro_page">
<kw name="Free Email" owner="FakerLibrary">
<msg time="2024-02-02T15:17:06.372140" level="INFO">${email} = elisada-paz@ig.com.br</msg>
<var>${email}</var>
<status status="PASS" start="2024-02-02T15:17:06.372140" elapsed="0.000000"/>
</kw>
<kw name="Input Text" owner="SeleniumLibrary">
<msg time="2024-02-02T15:17:06.373138" level="INFO">Typing text 'elisada-paz@ig.com.br' into text field '//input[@id="email"]'.</msg>
<arg>${registro.Input_Email}</arg>
<arg>${email}</arg>
<doc>Types the given ``text`` into the text field identified by ``locator``.</doc>
<status status="PASS" start="2024-02-02T15:17:06.372140" elapsed="0.079001"/>
</kw>
<status status="PASS" start="2024-02-02T15:17:06.372140" elapsed="0.079001"/>
</kw>
<kw name="E preenche o campo senha" owner="registro_page">
<kw name="Password" owner="FakerLibrary">
<msg time="2024-02-02T15:17:06.451141" level="INFO">${senha} = @b*1!ZyJ1E</msg>
<var>${senha}</var>
<doc>Generate a random password of the specified ``length``.</doc>
<status status="PASS" start="2024-02-02T15:17:06.451141" elapsed="0.000000"/>
</kw>
<kw name="Input Text" owner="SeleniumLibrary">
<msg time="2024-02-02T15:17:06.452637" level="INFO">Typing text '@b*1!ZyJ1E' into text field '//input[@id="senha"]'.</msg>
<arg>${registro.Input_Senha}</arg>
<arg>${senha}</arg>
<doc>Types the given ``text`` into the text field identified by ``locator``.</doc>
<status status="PASS" start="2024-02-02T15:17:06.451141" elapsed="0.126102"/>
</kw>
<status status="PASS" start="2024-02-02T15:17:06.451141" elapsed="0.126102"/>
</kw>
<kw name="E pressiona ENTER no teclado" owner="registro_page">
<kw name="Press Keys" owner="SeleniumLibrary">
<msg time="2024-02-02T15:17:06.578761" level="INFO">Sending key(s) ('ENTER',) to //input[@value='Cadastrar'] element.</msg>
<msg time="2024-02-02T15:17:07.084200" level="INFO">Pressing special key ENTER to element.</msg>
<msg time="2024-02-02T15:17:07.084200" level="INFO">Releasing special key ENTER.</msg>
<arg>${registro.Button_Cadastrar}</arg>
<arg>ENTER</arg>
<doc>Simulates the user pressing key(s) to an element or on the active browser.</doc>
<status status="PASS" start="2024-02-02T15:17:06.578761" elapsed="0.512198"/>
</kw>
<status status="PASS" start="2024-02-02T15:17:06.578255" elapsed="0.512704"/>
</kw>
<kw name="Então o sistema exibe a mensagem Nome é um campo obrigatório" owner="registro_page" source_name="Então o sistema exibe a mensagem ${Text}">
<kw name="Wait Until Element Is Visible" owner="SeleniumLibrary">
<arg>${registro.Alert_Message}</arg>
<arg>10</arg>
<doc>Waits until the element ``locator`` is visible.</doc>
<status status="PASS" start="2024-02-02T15:17:07.091964" elapsed="0.021384"/>
</kw>
<kw name="Get Text" owner="SeleniumLibrary">
<msg time="2024-02-02T15:17:07.132395" level="INFO">${mensagem} = Nome é um campo obrigatório</msg>
<var>${mensagem}</var>
<arg>${registro.Alert_Message}</arg>
<doc>Returns the text value of the element identified by ``locator``.</doc>
<status status="PASS" start="2024-02-02T15:17:07.113782" elapsed="0.019612"/>
</kw>
<kw name="Should Be Equal" owner="BuiltIn">
<arg>${mensagem}</arg>
<arg>${Text}</arg>
<doc>Fails if the given objects are unequal.</doc>
<status status="PASS" start="2024-02-02T15:17:07.133394" elapsed="0.000000"/>
</kw>
<status status="PASS" start="2024-02-02T15:17:07.090959" elapsed="0.042435"/>
</kw>
<kw name="Fechar navegador" owner="setup_teardown" type="TEARDOWN">
<kw name="Close Browser" owner="SeleniumLibrary">
<doc>Closes the current browser.</doc>
<status status="PASS" start="2024-02-02T15:17:07.134394" elapsed="2.046338"/>
</kw>
<status status="PASS" start="2024-02-02T15:17:07.133394" elapsed="2.047338"/>
</kw>
<status status="PASS" start="2024-02-02T15:17:03.660540" elapsed="5.521225"/>
</test>
<test id="s1-t5" name="TC05 - Cadastro com email em branco" line="42">
<kw name="Dado que o usuario esta na tela inicial do site" owner="registro_page">
<kw name="Open Browser" owner="SeleniumLibrary">
<msg time="2024-02-02T15:17:09.194069" level="INFO">Opening browser 'chrome' to base url 'https://seubarriga.wcaquino.me/login'.</msg>
<arg>${geral.URL}</arg>
<arg>${geral.Browser}</arg>
<arg>options=${geral.Headless}</arg>
<doc>Opens a new browser instance to the optional ``url``.</doc>
<status status="PASS" start="2024-02-02T15:17:09.190074" elapsed="2.262867"/>
</kw>
<kw name="Maximize Browser Window" owner="SeleniumLibrary">
<doc>Maximizes current browser window.</doc>
<status status="PASS" start="2024-02-02T15:17:11.452941" elapsed="0.136289"/>
</kw>
<status status="PASS" start="2024-02-02T15:17:09.189072" elapsed="2.400389"/>
</kw>
<kw name="E clica no link &quot;Novo Usuário?&quot;" owner="registro_page">
<kw name="Click Link" owner="SeleniumLibrary">
<msg time="2024-02-02T15:17:11.590468" level="INFO">Clicking link '//a[@href="/cadastro"]'.</msg>
<arg>${registro.Link_Registro}</arg>
<doc>Clicks a link identified by ``locator``.</doc>
<status status="PASS" start="2024-02-02T15:17:11.590468" elapsed="0.269526"/>
</kw>
<status status="PASS" start="2024-02-02T15:17:11.589461" elapsed="0.270533"/>
</kw>
<kw name="Quando preenche o campo nome" owner="registro_page">
<kw name="First Name" owner="FakerLibrary">
<msg time="2024-02-02T15:17:11.860852" level="INFO">${nome} = Ana Luiza</msg>
<var>${nome}</var>
<status status="PASS" start="2024-02-02T15:17:11.860852" elapsed="0.000000"/>
</kw>
<kw name="Input Text" owner="SeleniumLibrary">
<msg time="2024-02-02T15:17:11.861858" level="INFO">Typing text 'Ana Luiza' into text field '//input[@id="nome"]'.</msg>
<arg>${registro.Input_Nome}</arg>
<arg>${nome}</arg>
<doc>Types the given ``text`` into the text field identified by ``locator``.</doc>
<status status="PASS" start="2024-02-02T15:17:11.860852" elapsed="0.079236"/>
</kw>
<status status="PASS" start="2024-02-02T15:17:11.860852" elapsed="0.080230"/>
</kw>
<kw name="E nao preenche o campo email" owner="registro_page">
<kw name="Clear Element Text" owner="SeleniumLibrary">
<arg>${registro.Input_Email}</arg>
<doc>Clears the value of the text-input-element identified by ``locator``.</doc>
<status status="PASS" start="2024-02-02T15:17:11.941587" elapsed="0.024634"/>
</kw>
<status status="PASS" start="2024-02-02T15:17:11.941082" elapsed="0.025139"/>
</kw>
<kw name="E preenche o campo senha" owner="registro_page">
<kw name="Password" owner="FakerLibrary">
<msg time="2024-02-02T15:17:11.967222" level="INFO">${senha} = st!7@M8m)D</msg>
<var>${senha}</var>
<doc>Generate a random password of the specified ``length``.</doc>
<status status="PASS" start="2024-02-02T15:17:11.967222" elapsed="0.000000"/>
</kw>
<kw name="Input Text" owner="SeleniumLibrary">
<msg time="2024-02-02T15:17:11.968231" level="INFO">Typing text 'st!7@M8m)D' into text field '//input[@id="senha"]'.</msg>
<arg>${registro.Input_Senha}</arg>
<arg>${senha}</arg>
<doc>Types the given ``text`` into the text field identified by ``locator``.</doc>
<status status="PASS" start="2024-02-02T15:17:11.967727" elapsed="0.069365"/>
</kw>
<status status="PASS" start="2024-02-02T15:17:11.967222" elapsed="0.069870"/>
</kw>
<kw name="E pressiona ENTER no teclado" owner="registro_page">
<kw name="Press Keys" owner="SeleniumLibrary">
<msg time="2024-02-02T15:17:12.038605" level="INFO">Sending key(s) ('ENTER',) to //input[@value='Cadastrar'] element.</msg>
<msg time="2024-02-02T15:17:12.582986" level="INFO">Pressing special key ENTER to element.</msg>
<msg time="2024-02-02T15:17:12.582986" level="INFO">Releasing special key ENTER.</msg>
<arg>${registro.Button_Cadastrar}</arg>
<arg>ENTER</arg>
<doc>Simulates the user pressing key(s) to an element or on the active browser.</doc>
<status status="PASS" start="2024-02-02T15:17:12.038099" elapsed="0.551713"/>
</kw>
<status status="PASS" start="2024-02-02T15:17:12.037092" elapsed="0.552720"/>
</kw>
<kw name="Então o sistema exibe a mensagem Email é um campo obrigatório" owner="registro_page" source_name="Então o sistema exibe a mensagem ${Text}">
<kw name="Wait Until Element Is Visible" owner="SeleniumLibrary">
<arg>${registro.Alert_Message}</arg>
<arg>10</arg>
<doc>Waits until the element ``locator`` is visible.</doc>
<status status="PASS" start="2024-02-02T15:17:12.590823" elapsed="0.020384"/>
</kw>
<kw name="Get Text" owner="SeleniumLibrary">
<msg time="2024-02-02T15:17:12.626078" level="INFO">${mensagem} = Email é um campo obrigatório</msg>
<var>${mensagem}</var>
<arg>${registro.Alert_Message}</arg>
<doc>Returns the text value of the element identified by ``locator``.</doc>
<status status="PASS" start="2024-02-02T15:17:12.611207" elapsed="0.014871"/>
</kw>
<kw name="Should Be Equal" owner="BuiltIn">
<arg>${mensagem}</arg>
<arg>${Text}</arg>
<doc>Fails if the given objects are unequal.</doc>
<status status="PASS" start="2024-02-02T15:17:12.626078" elapsed="0.000998"/>
</kw>
<status status="PASS" start="2024-02-02T15:17:12.590317" elapsed="0.036759"/>
</kw>
<kw name="Fechar navegador" owner="setup_teardown" type="TEARDOWN">
<kw name="Close Browser" owner="SeleniumLibrary">
<doc>Closes the current browser.</doc>
<status status="PASS" start="2024-02-02T15:17:12.627582" elapsed="2.054236"/>
</kw>
<status status="PASS" start="2024-02-02T15:17:12.627582" elapsed="2.055145"/>
</kw>
<status status="PASS" start="2024-02-02T15:17:09.185782" elapsed="5.497887"/>
</test>
<test id="s1-t6" name="TC06 - Cadastro com senha em branco" line="51">
<kw name="Dado que o usuario esta na tela inicial do site" owner="registro_page">
<kw name="Open Browser" owner="SeleniumLibrary">
<msg time="2024-02-02T15:17:14.698156" level="INFO">Opening browser 'chrome' to base url 'https://seubarriga.wcaquino.me/login'.</msg>
<arg>${geral.URL}</arg>
<arg>${geral.Browser}</arg>
<arg>options=${geral.Headless}</arg>
<doc>Opens a new browser instance to the optional ``url``.</doc>
<status status="PASS" start="2024-02-02T15:17:14.691905" elapsed="2.279774"/>
</kw>
<kw name="Maximize Browser Window" owner="SeleniumLibrary">
<doc>Maximizes current browser window.</doc>
<status status="PASS" start="2024-02-02T15:17:16.971679" elapsed="0.109019"/>
</kw>
<status status="PASS" start="2024-02-02T15:17:14.690852" elapsed="2.389846"/>
</kw>
<kw name="E clica no link &quot;Novo Usuário?&quot;" owner="registro_page">
<kw name="Click Link" owner="SeleniumLibrary">
<msg time="2024-02-02T15:17:17.093116" level="INFO">Clicking link '//a[@href="/cadastro"]'.</msg>
<arg>${registro.Link_Registro}</arg>
<doc>Clicks a link identified by ``locator``.</doc>
<status status="PASS" start="2024-02-02T15:17:17.090475" elapsed="0.280612"/>
</kw>
<status status="PASS" start="2024-02-02T15:17:17.089500" elapsed="0.281587"/>
</kw>
<kw name="Quando preenche o campo nome" owner="registro_page">
<kw name="First Name" owner="FakerLibrary">
<msg time="2024-02-02T15:17:17.372096" level="INFO">${nome} = Noah</msg>
<var>${nome}</var>
<status status="PASS" start="2024-02-02T15:17:17.372096" elapsed="0.000000"/>
</kw>
<kw name="Input Text" owner="SeleniumLibrary">
<msg time="2024-02-02T15:17:17.372096" level="INFO">Typing text 'Noah' into text field '//input[@id="nome"]'.</msg>
<arg>${registro.Input_Nome}</arg>
<arg>${nome}</arg>
<doc>Types the given ``text`` into the text field identified by ``locator``.</doc>
<status status="PASS" start="2024-02-02T15:17:17.372096" elapsed="0.080860"/>
</kw>
<status status="PASS" start="2024-02-02T15:17:17.371087" elapsed="0.081869"/>
</kw>
<kw name="E preenche o campo email" owner="registro_page">
<kw name="Free Email" owner="FakerLibrary">
<msg time="2024-02-02T15:17:17.454084" level="INFO">${email} = rodriguescaue@yahoo.com.br</msg>
<var>${email}</var>
<status status="PASS" start="2024-02-02T15:17:17.454084" elapsed="0.000000"/>
</kw>
<kw name="Input Text" owner="SeleniumLibrary">
<msg time="2024-02-02T15:17:17.455095" level="INFO">Typing text 'rodriguescaue@yahoo.com.br' into text field '//input[@id="email"]'.</msg>
<arg>${registro.Input_Email}</arg>
<arg>${email}</arg>
<doc>Types the given ``text`` into the text field identified by ``locator``.</doc>
<status status="PASS" start="2024-02-02T15:17:17.454084" elapsed="0.094887"/>
</kw>
<status status="PASS" start="2024-02-02T15:17:17.454084" elapsed="0.094887"/>
</kw>
<kw name="E nao preenche o campo senha" owner="registro_page">
<kw name="Clear Element Text" owner="SeleniumLibrary">
<arg>${registro.Input_Senha}</arg>
<doc>Clears the value of the text-input-element identified by ``locator``.</doc>
<status status="PASS" start="2024-02-02T15:17:17.549981" elapsed="0.084907"/>
</kw>
<status status="PASS" start="2024-02-02T15:17:17.548971" elapsed="0.085917"/>
</kw>
<kw name="E pressiona ENTER no teclado" owner="registro_page">
<kw name="Press Keys" owner="SeleniumLibrary">
<msg time="2024-02-02T15:17:17.636887" level="INFO">Sending key(s) ('ENTER',) to //input[@value='Cadastrar'] element.</msg>
<msg time="2024-02-02T15:17:18.128907" level="INFO">Pressing special key ENTER to element.</msg>
<msg time="2024-02-02T15:17:18.128907" level="INFO">Releasing special key ENTER.</msg>
<arg>${registro.Button_Cadastrar}</arg>
<arg>ENTER</arg>
<doc>Simulates the user pressing key(s) to an element or on the active browser.</doc>
<status status="PASS" start="2024-02-02T15:17:17.635887" elapsed="0.498761"/>
</kw>
<status status="PASS" start="2024-02-02T15:17:17.635887" elapsed="0.498761"/>
</kw>
<kw name="Então o sistema exibe a mensagem Senha é um campo obrigatório" owner="registro_page" source_name="Então o sistema exibe a mensagem ${Text}">
<kw name="Wait Until Element Is Visible" owner="SeleniumLibrary">
<arg>${registro.Alert_Message}</arg>
<arg>10</arg>
<doc>Waits until the element ``locator`` is visible.</doc>
<status status="PASS" start="2024-02-02T15:17:18.135647" elapsed="0.020696"/>
</kw>
<kw name="Get Text" owner="SeleniumLibrary">
<msg time="2024-02-02T15:17:18.182718" level="INFO">${mensagem} = Senha é um campo obrigatório</msg>
<var>${mensagem}</var>
<arg>${registro.Alert_Message}</arg>
<doc>Returns the text value of the element identified by ``locator``.</doc>
<status status="PASS" start="2024-02-02T15:17:18.156343" elapsed="0.026375"/>
</kw>
<kw name="Should Be Equal" owner="BuiltIn">
<arg>${mensagem}</arg>
<arg>${Text}</arg>
<doc>Fails if the given objects are unequal.</doc>
<status status="PASS" start="2024-02-02T15:17:18.182718" elapsed="0.000000"/>
</kw>
<status status="PASS" start="2024-02-02T15:17:18.135647" elapsed="0.047071"/>
</kw>
<kw name="Fechar navegador" owner="setup_teardown" type="TEARDOWN">
<kw name="Close Browser" owner="SeleniumLibrary">
<doc>Closes the current browser.</doc>
<status status="PASS" start="2024-02-02T15:17:18.183259" elapsed="2.062931"/>
</kw>
<status status="PASS" start="2024-02-02T15:17:18.183259" elapsed="2.062931"/>
</kw>
<status status="PASS" start="2024-02-02T15:17:14.688820" elapsed="5.558842"/>
</test>
<test id="s1-t7" name="TC07 - Cadastro com todos os campos em branco" line="60">
<kw name="Dado que o usuario esta na tela inicial do site" owner="registro_page">
<kw name="Open Browser" owner="SeleniumLibrary">
<msg time="2024-02-02T15:17:20.257827" level="INFO">Opening browser 'chrome' to base url 'https://seubarriga.wcaquino.me/login'.</msg>
<arg>${geral.URL}</arg>
<arg>${geral.Browser}</arg>
<arg>options=${geral.Headless}</arg>
<doc>Opens a new browser instance to the optional ``url``.</doc>
<status status="PASS" start="2024-02-02T15:17:20.254312" elapsed="2.405136"/>
</kw>
<kw name="Maximize Browser Window" owner="SeleniumLibrary">
<doc>Maximizes current browser window.</doc>
<status status="PASS" start="2024-02-02T15:17:22.659448" elapsed="0.124345"/>
</kw>
<status status="PASS" start="2024-02-02T15:17:20.253295" elapsed="2.530498"/>
</kw>
<kw name="E clica no link &quot;Novo Usuário?&quot;" owner="registro_page">
<kw name="Click Link" owner="SeleniumLibrary">
<msg time="2024-02-02T15:17:22.783793" level="INFO">Clicking link '//a[@href="/cadastro"]'.</msg>
<arg>${registro.Link_Registro}</arg>
<doc>Clicks a link identified by ``locator``.</doc>
<status status="PASS" start="2024-02-02T15:17:22.783793" elapsed="0.275130"/>
</kw>
<status status="PASS" start="2024-02-02T15:17:22.783793" elapsed="0.275130"/>
</kw>
<kw name="Quando preenche nao preenche o campo nome" owner="registro_page">
<kw name="Clear Element Text" owner="SeleniumLibrary">
<arg>${registro.Input_Nome}</arg>
<doc>Clears the value of the text-input-element identified by ``locator``.</doc>
<status status="PASS" start="2024-02-02T15:17:23.059974" elapsed="0.035439"/>
</kw>
<status status="PASS" start="2024-02-02T15:17:23.059974" elapsed="0.035439"/>
</kw>
<kw name="E nao preenche o campo email" owner="registro_page">
<kw name="Clear Element Text" owner="SeleniumLibrary">
<arg>${registro.Input_Email}</arg>
<doc>Clears the value of the text-input-element identified by ``locator``.</doc>
<status status="PASS" start="2024-02-02T15:17:23.096407" elapsed="0.064294"/>
</kw>
<status status="PASS" start="2024-02-02T15:17:23.095413" elapsed="0.065288"/>
</kw>
<kw name="E nao preenche o campo senha" owner="registro_page">
<kw name="Clear Element Text" owner="SeleniumLibrary">
<arg>${registro.Input_Senha}</arg>
<doc>Clears the value of the text-input-element identified by ``locator``.</doc>
<status status="PASS" start="2024-02-02T15:17:23.161211" elapsed="0.028425"/>
</kw>
<status status="PASS" start="2024-02-02T15:17:23.161211" elapsed="0.028425"/>
</kw>
<kw name="E pressiona ENTER no teclado" owner="registro_page">
<kw name="Press Keys" owner="SeleniumLibrary">
<msg time="2024-02-02T15:17:23.191642" level="INFO">Sending key(s) ('ENTER',) to //input[@value='Cadastrar'] element.</msg>
<msg time="2024-02-02T15:17:23.681184" level="INFO">Pressing special key ENTER to element.</msg>
<msg time="2024-02-02T15:17:23.681184" level="INFO">Releasing special key ENTER.</msg>
<arg>${registro.Button_Cadastrar}</arg>
<arg>ENTER</arg>
<doc>Simulates the user pressing key(s) to an element or on the active browser.</doc>
<status status="PASS" start="2024-02-02T15:17:23.190647" elapsed="0.502337"/>
</kw>
<status status="PASS" start="2024-02-02T15:17:23.190647" elapsed="0.502337"/>
</kw>
<kw name="Então o sistema exibe as mensagens" owner="registro_page">
<kw name="Should Be Equal" owner="BuiltIn">
<arg>${alerta1}</arg>
<arg>Nome é um campo obrigatório</arg>
<doc>Fails if the given objects are unequal.</doc>
<status status="PASS" start="2024-02-02T15:17:23.693993" elapsed="0.000000"/>
</kw>
<kw name="Should Be Equal" owner="BuiltIn">
<arg>${alerta2}</arg>
<arg>Email é um campo obrigatório</arg>
<doc>Fails if the given objects are unequal.</doc>
<status status="PASS" start="2024-02-02T15:17:23.693993" elapsed="0.000000"/>
</kw>
<kw name="Should Be Equal" owner="BuiltIn">
<arg>${alerta3}</arg>
<arg>Senha é um campo obrigatório</arg>
<doc>Fails if the given objects are unequal.</doc>
<status status="PASS" start="2024-02-02T15:17:23.694989" elapsed="0.000000"/>
</kw>
<arg>Nome é um campo obrigatório</arg>
<arg>Email é um campo obrigatório</arg>
<arg>Senha é um campo obrigatório</arg>
<status status="PASS" start="2024-02-02T15:17:23.693993" elapsed="0.000996"/>
</kw>
<kw name="Fechar navegador" owner="setup_teardown" type="TEARDOWN">
<kw name="Close Browser" owner="SeleniumLibrary">
<doc>Closes the current browser.</doc>
<status status="PASS" start="2024-02-02T15:17:23.695493" elapsed="2.057659"/>
</kw>
<status status="PASS" start="2024-02-02T15:17:23.695493" elapsed="2.057659"/>
</kw>
<status status="PASS" start="2024-02-02T15:17:20.252113" elapsed="5.501039"/>
</test>
<status status="PASS" start="2024-02-02T15:16:45.396202" elapsed="40.357949"/>
</suite>
<statistics>
<total>
<stat pass="7" fail="0" skip="0">All Tests</stat>
</total>
<tag>
</tag>
<suite>
<stat pass="7" fail="0" skip="0" id="s1" name="Registro">Registro</stat>
</suite>
</statistics>
<errors>
</errors>
</robot>
